<?xml version="1.0" encoding="UTF-8"?>
<!-- Generated by org.testng.reporters.JUnitXMLReporter -->
<testsuite hostname="CDPG9MKS02" name="Default test" tests="2" failures="0" timestamp="24 Oct 2015 07:15:14 GMT" time="0.019" errors="0">
  <testcase name="@BeforeSuite login" time="0.0" classname="com.cdp.Test">
    <failure type="org.testng.TestNGException" message="
Parameter &amp;apos;seleniumHost&amp;apos; is required by @Configuration on method login but has not been marked @Optional or defined
in C:\Users\Jordan.Qiu\AppData\Local\Temp\testng-eclipse--1541483644\testng-customsuite.xml">
      <![CDATA[org.testng.TestNGException: 
Parameter 'seleniumHost' is required by @Configuration on method login but has not been marked @Optional or defined
in C:\Users\Jordan.Qiu\AppData\Local\Temp\testng-eclipse--1541483644\testng-customsuite.xml
	at org.testng.internal.Parameters.createParameters(Parameters.java:148)
	at org.testng.internal.Parameters.createParameters(Parameters.java:361)
	at org.testng.internal.Parameters.createConfigurationParameters(Parameters.java:84)
	at org.testng.internal.Invoker.invokeConfigurations(Invoker.java:197)
	at org.testng.internal.Invoker.invokeConfigurations(Invoker.java:138)
	at org.testng.SuiteRunner.privateRun(SuiteRunner.java:298)
	at org.testng.SuiteRunner.run(SuiteRunner.java:261)
	at org.testng.SuiteRunnerWorker.runSuite(SuiteRunnerWorker.java:52)
	at org.testng.SuiteRunnerWorker.run(SuiteRunnerWorker.java:86)
	at org.testng.TestNG.runSuitesSequentially(TestNG.java:1185)
	at org.testng.TestNG.runSuitesLocally(TestNG.java:1110)
	at org.testng.TestNG.run(TestNG.java:1018)
	at org.testng.remote.RemoteTestNG.run(RemoteTestNG.java:112)
	at org.testng.remote.RemoteTestNG.initAndRun(RemoteTestNG.java:205)
	at org.testng.remote.RemoteTestNG.main(RemoteTestNG.java:176)
]]>
    </failure>
  </testcase> <!-- @BeforeSuite login -->
  <testcase name="enterSalaryMenu" time="0.003" classname="com.cdp.Test">
    <skipped/>
  </testcase> <!-- enterSalaryMenu -->
  <testcase name="enterTimeMenu" time="0.0" classname="com.cdp.Test">
    <skipped/>
  </testcase> <!-- enterTimeMenu -->
</testsuite> <!-- Default test -->
